<?xml version="1.0" encoding="UTF-8" ?>
<testsuite errors="0" failures="0" hostname="kux-desktop" name="parsertest.ParserTest" tests="6" time="0.194" timestamp="2009-08-22T16:28:57">
  <properties>
[...]
</properties>
  <testcase classname="parsertest.ParserTest" name="basicTest" time="0.094" />
  <testcase classname="parsertest.ParserTest" name="withFloat" time="0.0010" />
  <testcase classname="parsertest.ParserTest" name="withUnary" time="0.0" />
  <testcase classname="parsertest.ParserTest" name="unaryNoPar" time="0.0" />
  <testcase classname="parsertest.ParserTest" name="unaryMinus" time="0.0010" />
  <testcase classname="parsertest.ParserTest" name="unaryMinusNoPar" time="0.015" />
  <system-out><![CDATA[(/ (cos x) (cos (* 2 x)))
(+ (+ 1.3 (* 1.01 2)) (* a 3.3))
(+ (sin x) 1)
(+ 3 (* (sin 3) b))
(+ 5 (- 2))
(+ 5 (- 2))
]]></system-out>
  <system-err><![CDATA[]]></system-err>
</testsuite>
